<?xml version="1.0" encoding="UTF-8"?>
<testng-results skipped="0" failed="1" total="1" passed="0">
  <reporter-output>
    <line>
      <![CDATA[Invoked init test suite method 
]]>
    </line>
  </reporter-output>
  <suite name="Default suite" duration-ms="17664" started-at="2015-04-01T17:37:41Z" finished-at="2015-04-01T17:37:59Z">
    <groups>
    </groups>
    <test name="Default test" duration-ms="17664" started-at="2015-04-01T17:37:41Z" finished-at="2015-04-01T17:37:59Z">
      <class name="org.xdi.oxauth.interop.RequestingUserInfoClaimsWithOpenIdRequestObject">
        <test-method status="PASS" signature="initTestSuite(org.testng.ITestContext)[pri:0, instance:org.xdi.oxauth.interop.RequestingUserInfoClaimsWithOpenIdRequestObject@338652ff]" name="initTestSuite" is-config="true" duration-ms="540" started-at="2015-04-01T20:37:41Z" finished-at="2015-04-01T20:37:41Z">
          <params>
            <param index="0">
              <value>
                <![CDATA[org.testng.TestRunner@5a78cf3a]]>
              </value>
            </param>
          </params>
          <reporter-output>
            <line>
              <![CDATA[Invoked init test suite method 
]]>
            </line>
          </reporter-output>
        </test-method> <!-- initTestSuite -->
        <test-method status="PASS" signature="discovery(org.testng.ITestContext)[pri:0, instance:org.xdi.oxauth.interop.RequestingUserInfoClaimsWithOpenIdRequestObject@338652ff]" name="discovery" is-config="true" duration-ms="1361" started-at="2015-04-01T20:37:41Z" finished-at="2015-04-01T20:37:43Z">
          <params>
            <param index="0">
              <value>
                <![CDATA[org.testng.TestRunner@5a78cf3a]]>
              </value>
            </param>
          </params>
          <reporter-output>
          </reporter-output>
        </test-method> <!-- discovery -->
        <test-method status="FAIL" signature="requestingUserInfoClaimsWithOpenIdRequestObject(java.lang.String, java.lang.String, java.lang.String, java.lang.String)[pri:0, instance:org.xdi.oxauth.interop.RequestingUserInfoClaimsWithOpenIdRequestObject@338652ff]" name="requestingUserInfoClaimsWithOpenIdRequestObject" duration-ms="16273" started-at="2015-04-01T20:37:43Z" finished-at="2015-04-01T20:37:59Z">
          <params>
            <param index="0">
              <value>
                <![CDATA[test_user]]>
              </value>
            </param>
            <param index="1">
              <value>
                <![CDATA[test_user_password]]>
              </value>
            </param>
            <param index="2">
              <value>
                <![CDATA[https://c65.gluu.info/oxauth-rp/home]]>
              </value>
            </param>
            <param index="3">
              <value>
                <![CDATA[https://c65.gluu.info/oxauth-rp/home https://client.example.com/cb https://client.example.com/cb1 https://client.example.com/cb2]]>
              </value>
            </param>
          </params>
          <exception class="java.lang.AssertionError">
            <message>
              <![CDATA[expected object to not be null]]>
            </message>
            <full-stacktrace>
              <![CDATA[java.lang.AssertionError: expected object to not be null
	at org.testng.Assert.fail(Assert.java:94)
	at org.testng.Assert.assertNotNull(Assert.java:404)
	at org.testng.Assert.assertNotNull(Assert.java:389)
	at org.xdi.oxauth.interop.RequestingUserInfoClaimsWithOpenIdRequestObject.requestingUserInfoClaimsWithOpenIdRequestObject(RequestingUserInfoClaimsWithOpenIdRequestObject.java:121)
	at sun.reflect.NativeMethodAccessorImpl.invoke0(Native Method)
	at sun.reflect.NativeMethodAccessorImpl.invoke(NativeMethodAccessorImpl.java:57)
	at sun.reflect.DelegatingMethodAccessorImpl.invoke(DelegatingMethodAccessorImpl.java:43)
	at java.lang.reflect.Method.invoke(Method.java:606)
	at org.testng.internal.MethodInvocationHelper.invokeMethod(MethodInvocationHelper.java:84)
	at org.testng.internal.Invoker.invokeMethod(Invoker.java:714)
	at org.testng.internal.Invoker.invokeTestMethod(Invoker.java:901)
	at org.testng.internal.Invoker.invokeTestMethods(Invoker.java:1231)
	at org.testng.internal.TestMethodWorker.invokeTestMethods(TestMethodWorker.java:127)
	at org.testng.internal.TestMethodWorker.run(TestMethodWorker.java:111)
	at org.testng.TestRunner.privateRun(TestRunner.java:767)
	at org.testng.TestRunner.run(TestRunner.java:617)
	at org.testng.SuiteRunner.runTest(SuiteRunner.java:334)
	at org.testng.SuiteRunner.runSequentially(SuiteRunner.java:329)
	at org.testng.SuiteRunner.privateRun(SuiteRunner.java:291)
	at org.testng.SuiteRunner.run(SuiteRunner.java:240)
	at org.testng.SuiteRunnerWorker.runSuite(SuiteRunnerWorker.java:52)
	at org.testng.SuiteRunnerWorker.run(SuiteRunnerWorker.java:86)
	at org.testng.TestNG.runSuitesSequentially(TestNG.java:1224)
	at org.testng.TestNG.runSuitesLocally(TestNG.java:1149)
	at org.testng.TestNG.run(TestNG.java:1057)
	at org.testng.remote.RemoteTestNG.run(RemoteTestNG.java:111)
	at org.testng.remote.RemoteTestNG.initAndRun(RemoteTestNG.java:204)
	at org.testng.remote.RemoteTestNG.main(RemoteTestNG.java:175)
]]>
            </full-stacktrace>
          </exception> <!-- java.lang.AssertionError -->
          <reporter-output>
          </reporter-output>
        </test-method> <!-- requestingUserInfoClaimsWithOpenIdRequestObject -->
      </class> <!-- org.xdi.oxauth.interop.RequestingUserInfoClaimsWithOpenIdRequestObject -->
    </test> <!-- Default test -->
  </suite> <!-- Default suite -->
</testng-results>
